<?xml version="1.0" encoding="UTF-8"?>
<coverage generated="1756718832130" clover="3.2.0">
  <project timestamp="1756718832131" name="All files">
    <metrics statements="42" coveredstatements="33" conditionals="8" coveredconditionals="6" methods="20" coveredmethods="14" elements="70" coveredelements="53" complexity="0" loc="42" ncloc="42" packages="3" files="9" classes="9"/>
    <package name="components">
      <metrics statements="2" coveredstatements="2" conditionals="0" coveredconditionals="0" methods="2" coveredmethods="2"/>
      <file name="Footer.jsx" path="C:\Liia_docs\Hillel FrontEnd Pro\lesson_33\todo-app\src\components\Footer.jsx">
        <metrics statements="1" coveredstatements="1" conditionals="0" coveredconditionals="0" methods="1" coveredmethods="1"/>
        <line num="4" count="2" type="stmt"/>
      </file>
      <file name="Header.jsx" path="C:\Liia_docs\Hillel FrontEnd Pro\lesson_33\todo-app\src\components\Header.jsx">
        <metrics statements="1" coveredstatements="1" conditionals="0" coveredconditionals="0" methods="1" coveredmethods="1"/>
        <line num="6" count="1" type="stmt"/>
      </file>
    </package>
    <package name="store">
      <metrics statements="15" coveredstatements="14" conditionals="2" coveredconditionals="1" methods="7" coveredmethods="6"/>
      <file name="selectors.js" path="C:\Liia_docs\Hillel FrontEnd Pro\lesson_33\todo-app\src\store\selectors.js">
        <metrics statements="1" coveredstatements="1" conditionals="0" coveredconditionals="0" methods="1" coveredmethods="1"/>
        <line num="1" count="1" type="stmt"/>
      </file>
      <file name="store.js" path="C:\Liia_docs\Hillel FrontEnd Pro\lesson_33\todo-app\src\store\store.js">
        <metrics statements="1" coveredstatements="1" conditionals="0" coveredconditionals="0" methods="0" coveredmethods="0"/>
        <line num="4" count="2" type="stmt"/>
      </file>
      <file name="todoSlice.js" path="C:\Liia_docs\Hillel FrontEnd Pro\lesson_33\todo-app\src\store\todoSlice.js">
        <metrics statements="13" coveredstatements="12" conditionals="2" coveredconditionals="1" methods="6" coveredmethods="5"/>
        <line num="3" count="5" type="stmt"/>
        <line num="7" count="5" type="stmt"/>
        <line num="12" count="1" type="stmt"/>
        <line num="17" count="1" type="stmt"/>
        <line num="20" count="1" type="stmt"/>
        <line num="21" count="3" type="stmt"/>
        <line num="24" count="1" type="stmt"/>
        <line num="25" count="2" type="stmt"/>
        <line num="26" count="1" type="cond" truecount="1" falsecount="1"/>
        <line num="27" count="1" type="stmt"/>
        <line num="32" count="0" type="stmt"/>
        <line num="36" count="5" type="stmt"/>
        <line num="37" count="5" type="stmt"/>
      </file>
    </package>
    <package name="todo-list">
      <metrics statements="25" coveredstatements="17" conditionals="6" coveredconditionals="5" methods="11" coveredmethods="6"/>
      <file name="TodoCounter.jsx" path="C:\Liia_docs\Hillel FrontEnd Pro\lesson_33\todo-app\src\todo-list\TodoCounter.jsx">
        <metrics statements="3" coveredstatements="3" conditionals="0" coveredconditionals="0" methods="1" coveredmethods="1"/>
        <line num="8" count="6" type="stmt"/>
        <line num="9" count="6" type="stmt"/>
        <line num="11" count="6" type="stmt"/>
      </file>
      <file name="TodoForm.jsx" path="C:\Liia_docs\Hillel FrontEnd Pro\lesson_33\todo-app\src\todo-list\TodoForm.jsx">
        <metrics statements="13" coveredstatements="9" conditionals="4" coveredconditionals="3" methods="3" coveredmethods="2"/>
        <line num="7" count="10" type="stmt"/>
        <line num="8" count="10" type="stmt"/>
        <line num="9" count="10" type="stmt"/>
        <line num="11" count="10" type="stmt"/>
        <line num="12" count="1" type="stmt"/>
        <line num="13" count="1" type="cond" truecount="1" falsecount="1"/>
        <line num="14" count="1" type="stmt"/>
        <line num="15" count="1" type="stmt"/>
        <line num="17" count="0" type="stmt"/>
        <line num="18" count="0" type="stmt"/>
        <line num="21" count="0" type="stmt"/>
        <line num="23" count="10" type="stmt"/>
        <line num="48" count="0" type="stmt"/>
      </file>
      <file name="TodoItem.jsx" path="C:\Liia_docs\Hillel FrontEnd Pro\lesson_33\todo-app\src\todo-list\TodoItem.jsx">
        <metrics statements="6" coveredstatements="2" conditionals="2" coveredconditionals="2" methods="5" coveredmethods="1"/>
        <line num="8" count="6" type="stmt"/>
        <line num="11" count="0" type="stmt"/>
        <line num="15" count="0" type="stmt"/>
        <line num="18" count="6" type="stmt"/>
        <line num="21" count="0" type="stmt"/>
        <line num="31" count="0" type="stmt"/>
      </file>
      <file name="TodoList.jsx" path="C:\Liia_docs\Hillel FrontEnd Pro\lesson_33\todo-app\src\todo-list\TodoList.jsx">
        <metrics statements="3" coveredstatements="3" conditionals="0" coveredconditionals="0" methods="2" coveredmethods="2"/>
        <line num="11" count="5" type="stmt"/>
        <line num="13" count="5" type="stmt"/>
        <line num="25" count="5" type="stmt"/>
      </file>
    </package>
  </project>
</coverage>
