{"C:\\Liia_docs\\Hillel FrontEnd Pro\\lesson_33\\todo-app\\src\\components\\Footer.jsx": {"path":"C:\\Liia_docs\\Hillel FrontEnd Pro\\lesson_33\\todo-app\\src\\components\\Footer.jsx","statementMap":{"0":{"start":{"line":4,"column":4},"end":{"line":31,"column":5}}},"fnMap":{"0":{"name":"Footer","decl":{"start":{"line":3,"column":16},"end":{"line":3,"column":22}},"loc":{"start":{"line":3,"column":25},"end":{"line":32,"column":1}},"line":3}},"branchMap":{},"s":{"0":2},"f":{"0":2},"b":{},"_coverageSchema":"1a1c01bbd47fc00a2c39e90264f33305004495a9","hash":"9bb117e9f009482673ca3da3d4346ee537293f3e"}
,"C:\\Liia_docs\\Hillel FrontEnd Pro\\lesson_33\\todo-app\\src\\components\\Header.jsx": {"path":"C:\\Liia_docs\\Hillel FrontEnd Pro\\lesson_33\\todo-app\\src\\components\\Header.jsx","statementMap":{"0":{"start":{"line":6,"column":4},"end":{"line":19,"column":5}}},"fnMap":{"0":{"name":"Header","decl":{"start":{"line":5,"column":16},"end":{"line":5,"column":22}},"loc":{"start":{"line":5,"column":25},"end":{"line":20,"column":1}},"line":5}},"branchMap":{},"s":{"0":1},"f":{"0":1},"b":{},"_coverageSchema":"1a1c01bbd47fc00a2c39e90264f33305004495a9","hash":"fff1c0699db9b46d68645dc6ef113bad7e43ccd1"}
,"C:\\Liia_docs\\Hillel FrontEnd Pro\\lesson_33\\todo-app\\src\\store\\selectors.js": {"path":"C:\\Liia_docs\\Hillel FrontEnd Pro\\lesson_33\\todo-app\\src\\store\\selectors.js","statementMap":{"0":{"start":{"line":1,"column":27},"end":{"line":1,"column":49}},"1":{"start":{"line":1,"column":38},"end":{"line":1,"column":49}}},"fnMap":{"0":{"name":"(anonymous_0)","decl":{"start":{"line":1,"column":27},"end":{"line":1,"column":28}},"loc":{"start":{"line":1,"column":38},"end":{"line":1,"column":49}},"line":1}},"branchMap":{},"s":{"0":1,"1":1},"f":{"0":1},"b":{},"_coverageSchema":"1a1c01bbd47fc00a2c39e90264f33305004495a9","hash":"e33cc032471ac93a4364249f6d87a854f3b56482"}
,"C:\\Liia_docs\\Hillel FrontEnd Pro\\lesson_33\\todo-app\\src\\store\\store.js": {"path":"C:\\Liia_docs\\Hillel FrontEnd Pro\\lesson_33\\todo-app\\src\\store\\store.js","statementMap":{"0":{"start":{"line":4,"column":21},"end":{"line":8,"column":2}}},"fnMap":{},"branchMap":{},"s":{"0":2},"f":{},"b":{},"_coverageSchema":"1a1c01bbd47fc00a2c39e90264f33305004495a9","hash":"a24575d1f9aadef001fe907e073714bc0c15480a"}
,"C:\\Liia_docs\\Hillel FrontEnd Pro\\lesson_33\\todo-app\\src\\store\\todoSlice.js": {"path":"C:\\Liia_docs\\Hillel FrontEnd Pro\\lesson_33\\todo-app\\src\\store\\todoSlice.js","statementMap":{"0":{"start":{"line":3,"column":21},"end":{"line":5,"column":1}},"1":{"start":{"line":7,"column":18},"end":{"line":34,"column":2}},"2":{"start":{"line":12,"column":22},"end":{"line":16,"column":7}},"3":{"start":{"line":17,"column":6},"end":{"line":17,"column":32}},"4":{"start":{"line":20,"column":17},"end":{"line":20,"column":31}},"5":{"start":{"line":21,"column":6},"end":{"line":21,"column":65}},"6":{"start":{"line":21,"column":49},"end":{"line":21,"column":63}},"7":{"start":{"line":24,"column":17},"end":{"line":24,"column":31}},"8":{"start":{"line":25,"column":19},"end":{"line":25,"column":61}},"9":{"start":{"line":25,"column":46},"end":{"line":25,"column":60}},"10":{"start":{"line":26,"column":6},"end":{"line":28,"column":7}},"11":{"start":{"line":27,"column":8},"end":{"line":27,"column":37}},"12":{"start":{"line":32,"column":28},"end":{"line":32,"column":39}},"13":{"start":{"line":36,"column":62},"end":{"line":36,"column":79}},"14":{"start":{"line":37,"column":31},"end":{"line":37,"column":50}}},"fnMap":{"0":{"name":"(anonymous_0)","decl":{"start":{"line":11,"column":13},"end":{"line":11,"column":14}},"loc":{"start":{"line":11,"column":32},"end":{"line":18,"column":5}},"line":11},"1":{"name":"(anonymous_1)","decl":{"start":{"line":19,"column":16},"end":{"line":19,"column":17}},"loc":{"start":{"line":19,"column":35},"end":{"line":22,"column":5}},"line":19},"2":{"name":"(anonymous_2)","decl":{"start":{"line":21,"column":39},"end":{"line":21,"column":40}},"loc":{"start":{"line":21,"column":49},"end":{"line":21,"column":63}},"line":21},"3":{"name":"(anonymous_3)","decl":{"start":{"line":23,"column":16},"end":{"line":23,"column":17}},"loc":{"start":{"line":23,"column":35},"end":{"line":29,"column":5}},"line":23},"4":{"name":"(anonymous_4)","decl":{"start":{"line":25,"column":36},"end":{"line":25,"column":37}},"loc":{"start":{"line":25,"column":46},"end":{"line":25,"column":60}},"line":25},"5":{"name":"(anonymous_5)","decl":{"start":{"line":32,"column":17},"end":{"line":32,"column":18}},"loc":{"start":{"line":32,"column":28},"end":{"line":32,"column":39}},"line":32}},"branchMap":{"0":{"loc":{"start":{"line":26,"column":6},"end":{"line":28,"column":7}},"type":"if","locations":[{"start":{"line":26,"column":6},"end":{"line":28,"column":7}},{"start":{},"end":{}}],"line":26}},"s":{"0":5,"1":5,"2":1,"3":1,"4":1,"5":1,"6":3,"7":1,"8":1,"9":2,"10":1,"11":1,"12":0,"13":5,"14":5},"f":{"0":1,"1":1,"2":3,"3":1,"4":2,"5":0},"b":{"0":[1,0]},"_coverageSchema":"1a1c01bbd47fc00a2c39e90264f33305004495a9","hash":"18cdcb16662f2dcffc6a0d082bc3f09e6661142a"}
,"C:\\Liia_docs\\Hillel FrontEnd Pro\\lesson_33\\todo-app\\src\\todo-list\\TodoCounter.jsx": {"path":"C:\\Liia_docs\\Hillel FrontEnd Pro\\lesson_33\\todo-app\\src\\todo-list\\TodoCounter.jsx","statementMap":{"0":{"start":{"line":8,"column":18},"end":{"line":8,"column":42}},"1":{"start":{"line":9,"column":20},"end":{"line":9,"column":32}},"2":{"start":{"line":11,"column":4},"end":{"line":15,"column":5}}},"fnMap":{"0":{"name":"TodoCounter","decl":{"start":{"line":6,"column":16},"end":{"line":6,"column":27}},"loc":{"start":{"line":6,"column":30},"end":{"line":16,"column":1}},"line":6}},"branchMap":{},"s":{"0":6,"1":6,"2":6},"f":{"0":6},"b":{},"_coverageSchema":"1a1c01bbd47fc00a2c39e90264f33305004495a9","hash":"b3f3f51917f185f0f20e949c61ec20697d5ff545"}
,"C:\\Liia_docs\\Hillel FrontEnd Pro\\lesson_33\\todo-app\\src\\todo-list\\TodoForm.jsx": {"path":"C:\\Liia_docs\\Hillel FrontEnd Pro\\lesson_33\\todo-app\\src\\todo-list\\TodoForm.jsx","statementMap":{"0":{"start":{"line":7,"column":21},"end":{"line":7,"column":31}},"1":{"start":{"line":8,"column":30},"end":{"line":8,"column":44}},"2":{"start":{"line":9,"column":21},"end":{"line":9,"column":34}},"3":{"start":{"line":11,"column":21},"end":{"line":22,"column":5}},"4":{"start":{"line":12,"column":8},"end":{"line":12,"column":31}},"5":{"start":{"line":13,"column":8},"end":{"line":16,"column":9}},"6":{"start":{"line":14,"column":12},"end":{"line":14,"column":28}},"7":{"start":{"line":15,"column":12},"end":{"line":15,"column":19}},"8":{"start":{"line":17,"column":8},"end":{"line":17,"column":23}},"9":{"start":{"line":18,"column":8},"end":{"line":20,"column":11}},"10":{"start":{"line":21,"column":8},"end":{"line":21,"column":34}},"11":{"start":{"line":23,"column":4},"end":{"line":55,"column":5}},"12":{"start":{"line":48,"column":103},"end":{"line":48,"column":117}}},"fnMap":{"0":{"name":"TodoForm","decl":{"start":{"line":6,"column":16},"end":{"line":6,"column":24}},"loc":{"start":{"line":6,"column":27},"end":{"line":56,"column":1}},"line":6},"1":{"name":"(anonymous_1)","decl":{"start":{"line":11,"column":21},"end":{"line":11,"column":22}},"loc":{"start":{"line":11,"column":32},"end":{"line":22,"column":5}},"line":11},"2":{"name":"(anonymous_2)","decl":{"start":{"line":48,"column":97},"end":{"line":48,"column":98}},"loc":{"start":{"line":48,"column":103},"end":{"line":48,"column":117}},"line":48}},"branchMap":{"0":{"loc":{"start":{"line":13,"column":8},"end":{"line":16,"column":9}},"type":"if","locations":[{"start":{"line":13,"column":8},"end":{"line":16,"column":9}},{"start":{},"end":{}}],"line":13},"1":{"loc":{"start":{"line":41,"column":32},"end":{"line":41,"column":67}},"type":"cond-expr","locations":[{"start":{"line":41,"column":41},"end":{"line":41,"column":62}},{"start":{"line":41,"column":65},"end":{"line":41,"column":67}}],"line":41}},"s":{"0":10,"1":10,"2":10,"3":10,"4":1,"5":1,"6":1,"7":1,"8":0,"9":0,"10":0,"11":10,"12":0},"f":{"0":10,"1":1,"2":0},"b":{"0":[1,0],"1":[1,9]},"_coverageSchema":"1a1c01bbd47fc00a2c39e90264f33305004495a9","hash":"b1b36ec017d11071b980e32d8e29351da6e9f8e4"}
,"C:\\Liia_docs\\Hillel FrontEnd Pro\\lesson_33\\todo-app\\src\\todo-list\\TodoItem.jsx": {"path":"C:\\Liia_docs\\Hillel FrontEnd Pro\\lesson_33\\todo-app\\src\\todo-list\\TodoItem.jsx","statementMap":{"0":{"start":{"line":8,"column":21},"end":{"line":8,"column":34}},"1":{"start":{"line":11,"column":8},"end":{"line":11,"column":33}},"2":{"start":{"line":15,"column":8},"end":{"line":15,"column":32}},"3":{"start":{"line":18,"column":4},"end":{"line":38,"column":5}},"4":{"start":{"line":21,"column":62},"end":{"line":21,"column":87}},"5":{"start":{"line":31,"column":57},"end":{"line":31,"column":82}}},"fnMap":{"0":{"name":"TodoItem","decl":{"start":{"line":7,"column":16},"end":{"line":7,"column":24}},"loc":{"start":{"line":7,"column":35},"end":{"line":40,"column":1}},"line":7},"1":{"name":"handleRemoveTodo","decl":{"start":{"line":10,"column":13},"end":{"line":10,"column":29}},"loc":{"start":{"line":10,"column":34},"end":{"line":12,"column":5}},"line":10},"2":{"name":"handleToggleTodo","decl":{"start":{"line":14,"column":13},"end":{"line":14,"column":29}},"loc":{"start":{"line":14,"column":34},"end":{"line":16,"column":5}},"line":14},"3":{"name":"(anonymous_3)","decl":{"start":{"line":21,"column":58},"end":{"line":21,"column":59}},"loc":{"start":{"line":21,"column":62},"end":{"line":21,"column":87}},"line":21},"4":{"name":"(anonymous_4)","decl":{"start":{"line":31,"column":52},"end":{"line":31,"column":53}},"loc":{"start":{"line":31,"column":56},"end":{"line":31,"column":83}},"line":31}},"branchMap":{"0":{"loc":{"start":{"line":25,"column":40},"end":{"line":25,"column":78}},"type":"cond-expr","locations":[{"start":{"line":25,"column":55},"end":{"line":25,"column":69}},{"start":{"line":25,"column":72},"end":{"line":25,"column":78}}],"line":25}},"s":{"0":6,"1":0,"2":0,"3":6,"4":0,"5":0},"f":{"0":6,"1":0,"2":0,"3":0,"4":0},"b":{"0":[5,1]},"_coverageSchema":"1a1c01bbd47fc00a2c39e90264f33305004495a9","hash":"6859ac18eaa1cefc9efb8de7e4878b5f0b4ece4f"}
,"C:\\Liia_docs\\Hillel FrontEnd Pro\\lesson_33\\todo-app\\src\\todo-list\\TodoList.jsx": {"path":"C:\\Liia_docs\\Hillel FrontEnd Pro\\lesson_33\\todo-app\\src\\todo-list\\TodoList.jsx","statementMap":{"0":{"start":{"line":11,"column":18},"end":{"line":11,"column":42}},"1":{"start":{"line":13,"column":4},"end":{"line":32,"column":5}},"2":{"start":{"line":25,"column":16},"end":{"line":25,"column":55}}},"fnMap":{"0":{"name":"TodoList","decl":{"start":{"line":10,"column":16},"end":{"line":10,"column":24}},"loc":{"start":{"line":10,"column":27},"end":{"line":33,"column":1}},"line":10},"1":{"name":"(anonymous_1)","decl":{"start":{"line":24,"column":23},"end":{"line":24,"column":24}},"loc":{"start":{"line":25,"column":16},"end":{"line":25,"column":55}},"line":25}},"branchMap":{},"s":{"0":5,"1":5,"2":5},"f":{"0":5,"1":5},"b":{},"_coverageSchema":"1a1c01bbd47fc00a2c39e90264f33305004495a9","hash":"a7a588fe26536fe1007e69027fe3234dbca87a18"}
}
