TN:
SF:src\components\Footer.jsx
FN:3,Footer
FNF:1
FNH:1
FNDA:2,Footer
DA:4,2
LF:1
LH:1
BRF:0
BRH:0
end_of_record
TN:
SF:src\components\Header.jsx
FN:5,Header
FNF:1
FNH:1
FNDA:1,Header
DA:6,1
LF:1
LH:1
BRF:0
BRH:0
end_of_record
TN:
SF:src\store\selectors.js
FN:1,(anonymous_0)
FNF:1
FNH:1
FNDA:1,(anonymous_0)
DA:1,1
LF:1
LH:1
BRF:0
BRH:0
end_of_record
TN:
SF:src\store\store.js
FNF:0
FNH:0
DA:4,2
LF:1
LH:1
BRF:0
BRH:0
end_of_record
TN:
SF:src\store\todoSlice.js
FN:11,(anonymous_0)
FN:19,(anonymous_1)
FN:21,(anonymous_2)
FN:23,(anonymous_3)
FN:25,(anonymous_4)
FN:32,(anonymous_5)
FNF:6
FNH:5
FNDA:1,(anonymous_0)
FNDA:1,(anonymous_1)
FNDA:3,(anonymous_2)
FNDA:1,(anonymous_3)
FNDA:2,(anonymous_4)
FNDA:0,(anonymous_5)
DA:3,5
DA:7,5
DA:12,1
DA:17,1
DA:20,1
DA:21,3
DA:24,1
DA:25,2
DA:26,1
DA:27,1
DA:32,0
DA:36,5
DA:37,5
LF:13
LH:12
BRDA:26,0,0,1
BRDA:26,0,1,0
BRF:2
BRH:1
end_of_record
TN:
SF:src\todo-list\TodoCounter.jsx
FN:6,TodoCounter
FNF:1
FNH:1
FNDA:6,TodoCounter
DA:8,6
DA:9,6
DA:11,6
LF:3
LH:3
BRF:0
BRH:0
end_of_record
TN:
SF:src\todo-list\TodoForm.jsx
FN:6,TodoForm
FN:11,(anonymous_1)
FN:48,(anonymous_2)
FNF:3
FNH:2
FNDA:10,TodoForm
FNDA:1,(anonymous_1)
FNDA:0,(anonymous_2)
DA:7,10
DA:8,10
DA:9,10
DA:11,10
DA:12,1
DA:13,1
DA:14,1
DA:15,1
DA:17,0
DA:18,0
DA:21,0
DA:23,10
DA:48,0
LF:13
LH:9
BRDA:13,0,0,1
BRDA:13,0,1,0
BRDA:41,1,0,1
BRDA:41,1,1,9
BRF:4
BRH:3
end_of_record
TN:
SF:src\todo-list\TodoItem.jsx
FN:7,TodoItem
FN:10,handleRemoveTodo
FN:14,handleToggleTodo
FN:21,(anonymous_3)
FN:31,(anonymous_4)
FNF:5
FNH:1
FNDA:6,TodoItem
FNDA:0,handleRemoveTodo
FNDA:0,handleToggleTodo
FNDA:0,(anonymous_3)
FNDA:0,(anonymous_4)
DA:8,6
DA:11,0
DA:15,0
DA:18,6
DA:21,0
DA:31,0
LF:6
LH:2
BRDA:25,0,0,5
BRDA:25,0,1,1
BRF:2
BRH:2
end_of_record
TN:
SF:src\todo-list\TodoList.jsx
FN:10,TodoList
FN:24,(anonymous_1)
FNF:2
FNH:2
FNDA:5,TodoList
FNDA:5,(anonymous_1)
DA:11,5
DA:13,5
DA:25,5
LF:3
LH:3
BRF:0
BRH:0
end_of_record
